<?xml version="1.0" encoding="UTF-8"?>
<testng-results skipped="0" failed="0" ignored="0" total="1" passed="1">
  <reporter-output>
  </reporter-output>
  <suite name="Surefire suite" duration-ms="34" started-at="2017-07-12T01:00:47Z" finished-at="2017-07-12T01:00:47Z">
    <groups>
    </groups>
    <test name="Surefire test" duration-ms="34" started-at="2017-07-12T01:00:47Z" finished-at="2017-07-12T01:00:47Z">
      <class name="roadrurnner.dashboard.AppTest">
        <test-method status="PASS" signature="testApp()" name="testApp" duration-ms="11" started-at="2017-07-11T19:00:47Z" finished-at="2017-07-11T19:00:47Z">
          <reporter-output>
          </reporter-output>
        </test-method> <!-- testApp -->
      </class> <!-- roadrurnner.dashboard.AppTest -->
    </test> <!-- Surefire test -->
  </suite> <!-- Surefire suite -->
</testng-results>
