<?xml version="1.0" encoding="UTF-8"?>
<testng-results skipped="0" failed="0" ignored="0" total="1" passed="1">
  <reporter-output>
  </reporter-output>
  <suite name="Command line suite" duration-ms="81" started-at="2017-07-12T01:19:15Z" finished-at="2017-07-12T01:19:15Z">
    <groups>
    </groups>
    <test name="Command line test" duration-ms="81" started-at="2017-07-12T01:19:15Z" finished-at="2017-07-12T01:19:15Z">
      <class name="roadrurnner.dashboard.AppTest">
        <test-method status="PASS" signature="testApp()" name="testApp" duration-ms="16" started-at="2017-07-11T19:19:15Z" finished-at="2017-07-11T19:19:15Z">
          <reporter-output>
          </reporter-output>
        </test-method> <!-- testApp -->
      </class> <!-- roadrurnner.dashboard.AppTest -->
    </test> <!-- Command line test -->
  </suite> <!-- Command line suite -->
</testng-results>
