<?xml version="1.0" encoding="UTF-8"?>
<testng-results skipped="0" failed="0" ignored="0" total="1" passed="1">
  <reporter-output>
  </reporter-output>
  <suite name="Command line suite" duration-ms="828" started-at="2017-07-12T00:16:51Z" finished-at="2017-07-12T00:16:52Z">
    <groups>
    </groups>
    <test name="Command line test" duration-ms="828" started-at="2017-07-12T00:16:51Z" finished-at="2017-07-12T00:16:52Z">
      <class name="roadrurnner.dashboard.loginTestCase">
        <test-method status="PASS" signature="fuck()[pri:0, instance:roadrurnner.dashboard.loginTestCase@54e1c68b]" name="fuck" duration-ms="453" started-at="2017-07-11T18:16:51Z" finished-at="2017-07-11T18:16:51Z">
          <reporter-output>
          </reporter-output>
        </test-method> <!-- fuck -->
        <test-method status="PASS" signature="afterMethod()[pri:0, instance:roadrurnner.dashboard.loginTestCase@54e1c68b]" name="afterMethod" is-config="true" duration-ms="350" started-at="2017-07-11T18:16:51Z" finished-at="2017-07-11T18:16:52Z">
          <reporter-output>
          </reporter-output>
        </test-method> <!-- afterMethod -->
      </class> <!-- roadrurnner.dashboard.loginTestCase -->
    </test> <!-- Command line test -->
  </suite> <!-- Command line suite -->
</testng-results>
