<?xml version="1.0" encoding="UTF-8"?>
<!-- Generated by org.testng.reporters.JUnitXMLReporter -->
<testsuite hostname="Donalds-MacBook-Pro.local" ignored="0" name="Command line test" tests="1" failures="0" timestamp="11 Jul 2017 20:39:40 GMT" time="28.492" errors="0">
  <testcase name="@AfterClass afterMethod" time="0.001" classname="roadrurnner.dashboard.loginTestCase">
    <failure type="java.lang.NullPointerException">
      <![CDATA[java.lang.NullPointerException
	at roadrurnner.dashboard.loginTestCase.afterMethod(loginTestCase.java:28)
... Removed 35 stack frames]]>
    </failure>
  </testcase> <!-- @AfterClass afterMethod -->
  <testcase name="fuck" time="28.435" classname="roadrurnner.dashboard.loginTestCase"/>
</testsuite> <!-- Command line test -->
