<?xml version="1.0" encoding="UTF-8"?>
<testng-results skipped="0" failed="0" ignored="0" total="1" passed="1">
  <reporter-output>
  </reporter-output>
  <suite name="Single" duration-ms="25859" started-at="2017-07-15T01:21:52Z" finished-at="2017-07-15T01:22:18Z">
    <groups>
    </groups>
    <test name="SingleTest" duration-ms="25859" started-at="2017-07-15T01:21:52Z" finished-at="2017-07-15T01:22:18Z">
      <class name="dashboard.pages.browserStack">
        <test-method status="PASS" signature="setUp(java.lang.String, java.lang.String)[pri:0, instance:dashboard.pages.browserStack@1e67b872]" name="setUp" is-config="true" duration-ms="9548" started-at="2017-07-14T19:21:52Z" finished-at="2017-07-14T19:22:02Z">
          <params>
            <param index="0">
              <value>
                <![CDATA[single.conf.json]]>
              </value>
            </param>
            <param index="1">
              <value>
                <![CDATA[bs]]>
              </value>
            </param>
          </params>
          <reporter-output>
          </reporter-output>
        </test-method> <!-- setUp -->
        <test-method status="PASS" signature="test()[pri:0, instance:dashboard.pages.browserStack@1e67b872]" name="test" duration-ms="10525" started-at="2017-07-14T19:22:02Z" finished-at="2017-07-14T19:22:12Z">
          <reporter-output>
          </reporter-output>
        </test-method> <!-- test -->
        <test-method status="PASS" signature="tearDown()[pri:0, instance:dashboard.pages.browserStack@1e67b872]" name="tearDown" is-config="true" duration-ms="5761" started-at="2017-07-14T19:22:12Z" finished-at="2017-07-14T19:22:18Z">
          <reporter-output>
          </reporter-output>
        </test-method> <!-- tearDown -->
      </class> <!-- dashboard.pages.browserStack -->
    </test> <!-- SingleTest -->
  </suite> <!-- Single -->
</testng-results>
