<?xml version="1.0" encoding="UTF-8"?>
<testng-results skipped="0" failed="0" ignored="0" total="1" passed="1">
  <reporter-output>
  </reporter-output>
  <suite name="Default suite" duration-ms="13752" started-at="2017-07-12T23:05:00Z" finished-at="2017-07-12T23:05:14Z">
    <groups>
    </groups>
    <test name="Default test" duration-ms="13752" started-at="2017-07-12T23:05:00Z" finished-at="2017-07-12T23:05:14Z">
      <class name="dashboard.tests.crudBoundaries">
        <test-method status="PASS" signature="beforeMethod()[pri:0, instance:dashboard.tests.crudBoundaries@4a83a74a]" name="beforeMethod" is-config="true" duration-ms="584" started-at="2017-07-12T17:05:00Z" finished-at="2017-07-12T17:05:01Z">
          <reporter-output>
          </reporter-output>
        </test-method> <!-- beforeMethod -->
        <test-method status="PASS" signature="boundaries()[pri:0, instance:dashboard.tests.crudBoundaries@4a83a74a]" name="boundaries" duration-ms="12753" started-at="2017-07-12T17:05:01Z" finished-at="2017-07-12T17:05:14Z">
          <reporter-output>
          </reporter-output>
        </test-method> <!-- boundaries -->
        <test-method status="PASS" signature="afterMethod()[pri:0, instance:dashboard.tests.crudBoundaries@4a83a74a]" name="afterMethod" is-config="true" duration-ms="235" started-at="2017-07-12T17:05:14Z" finished-at="2017-07-12T17:05:14Z">
          <reporter-output>
          </reporter-output>
        </test-method> <!-- afterMethod -->
      </class> <!-- dashboard.tests.crudBoundaries -->
    </test> <!-- Default test -->
  </suite> <!-- Default suite -->
</testng-results>
