<?xml version="1.0" encoding="UTF-8"?>
<testng-results skipped="0" failed="0" ignored="0" total="1" passed="1">
  <reporter-output>
  </reporter-output>
  <suite name="Default suite" duration-ms="9213" started-at="2017-07-11T20:57:48Z" finished-at="2017-07-11T20:57:58Z">
    <groups>
    </groups>
    <test name="Default test" duration-ms="9213" started-at="2017-07-11T20:57:48Z" finished-at="2017-07-11T20:57:58Z">
      <class name="roadrurnner.dashboard.loginTestCase">
        <test-method status="PASS" signature="fuck()[pri:0, instance:roadrurnner.dashboard.loginTestCase@68c4039c]" name="fuck" duration-ms="8867" started-at="2017-07-11T14:57:48Z" finished-at="2017-07-11T14:57:57Z">
          <reporter-output>
          </reporter-output>
        </test-method> <!-- fuck -->
        <test-method status="PASS" signature="afterMethod()[pri:0, instance:roadrurnner.dashboard.loginTestCase@68c4039c]" name="afterMethod" is-config="true" duration-ms="316" started-at="2017-07-11T14:57:57Z" finished-at="2017-07-11T14:57:58Z">
          <reporter-output>
          </reporter-output>
        </test-method> <!-- afterMethod -->
      </class> <!-- roadrurnner.dashboard.loginTestCase -->
    </test> <!-- Default test -->
  </suite> <!-- Default suite -->
</testng-results>
